CHAVEAMENTOS: 6
TME: 203.33333333333334
TMR: 635.0
VAZAO: 0.5
SEQUENCIA DE TERMINO: 557 556 555 
Tempo:0 Evento:CRIACAO PID:555
Tempo:0 Evento:EXEC PID:555
Tempo:50 Evento:BLOQUEIO PID:555
Tempo:225 Evento:DESBLOQUEIO PID:555
Tempo:225 Evento:EXEC PID:555
Tempo:420 Evento:CRIACAO PID:556
Tempo:500 Evento:CRIACAO PID:557
Tempo:715 Evento:BLOQUEIO PID:555
Tempo:715 Evento:EXEC PID:557
Tempo:815 Evento:BLOQUEIO PID:557
Tempo:815 Evento:EXEC PID:556
Tempo:865 Evento:DESBLOQUEIO PID:557
Tempo:985 Evento:BLOQUEIO PID:556
Tempo:985 Evento:EXEC PID:557
Tempo:1015 Evento:DESBLOQUEIO PID:555
Tempo:1105 Evento:DESBLOQUEIO PID:556
Tempo:1135 Evento:TERMINO PID:557
Tempo:1135 Evento:EXEC PID:556
Tempo:1315 Evento:TERMINO PID:556
Tempo:1315 Evento:EXEC PID:555
Tempo:5775 Evento:TERMINO PID:555
