CHAVEAMENTOS: 6
TME: 226.66666666666666
TMR: 2078.3333333333335
VAZAO: 0.5
SEQUENCIA DE TERMINO: 556 555 557 
Tempo:0 Evento:CRIACAO PID:555
Tempo:0 Evento:EXEC PID:555
Tempo:50 Evento:BLOQUEIO PID:555
Tempo:225 Evento:DESBLOQUEIO PID:555
Tempo:225 Evento:EXEC PID:555
Tempo:420 Evento:CRIACAO PID:556
Tempo:500 Evento:CRIACAO PID:557
Tempo:715 Evento:BLOQUEIO PID:555
Tempo:715 Evento:EXEC PID:556
Tempo:885 Evento:BLOQUEIO PID:556
Tempo:885 Evento:EXEC PID:557
Tempo:985 Evento:BLOQUEIO PID:557
Tempo:1005 Evento:DESBLOQUEIO PID:556
Tempo:1005 Evento:EXEC PID:556
Tempo:1015 Evento:DESBLOQUEIO PID:555
Tempo:1035 Evento:DESBLOQUEIO PID:557
Tempo:1185 Evento:TERMINO PID:556
Tempo:1185 Evento:EXEC PID:555
Tempo:5645 Evento:TERMINO PID:555
Tempo:5645 Evento:EXEC PID:557
Tempo:5795 Evento:TERMINO PID:557
