CHAVEAMENTOS: 29
TME: 100.0
TMR: 2191.6666666666665
VAZAO: 0.5
SEQUENCIA DE TERMINO: 556 557 555 
Tempo:0 Evento:CRIACAO PID:555
Tempo:0 Evento:EXEC PID:555
Tempo:50 Evento:BLOQUEIO PID:555
Tempo:225 Evento:DESBLOQUEIO PID:555
Tempo:225 Evento:EXEC PID:555
Tempo:420 Evento:CRIACAO PID:556
Tempo:425 Evento:QUANTUM_EX PID:555
Tempo:425 Evento:EXEC PID:556
Tempo:500 Evento:CRIACAO PID:557
Tempo:595 Evento:BLOQUEIO PID:556
Tempo:595 Evento:EXEC PID:555
Tempo:715 Evento:DESBLOQUEIO PID:556
Tempo:795 Evento:QUANTUM_EX PID:555
Tempo:795 Evento:EXEC PID:557
Tempo:895 Evento:BLOQUEIO PID:557
Tempo:895 Evento:EXEC PID:556
Tempo:945 Evento:DESBLOQUEIO PID:557
Tempo:1075 Evento:TERMINO PID:556
Tempo:1075 Evento:EXEC PID:555
Tempo:1275 Evento:QUANTUM_EX PID:555
Tempo:1275 Evento:EXEC PID:557
Tempo:1425 Evento:TERMINO PID:557
Tempo:1425 Evento:EXEC PID:555
Tempo:1625 Evento:QUANTUM_EX PID:555
Tempo:1625 Evento:EXEC PID:555
Tempo:1825 Evento:QUANTUM_EX PID:555
Tempo:1825 Evento:EXEC PID:555
Tempo:2025 Evento:QUANTUM_EX PID:555
Tempo:2025 Evento:EXEC PID:555
Tempo:2225 Evento:QUANTUM_EX PID:555
Tempo:2225 Evento:EXEC PID:555
Tempo:2425 Evento:QUANTUM_EX PID:555
Tempo:2425 Evento:EXEC PID:555
Tempo:2625 Evento:QUANTUM_EX PID:555
Tempo:2625 Evento:EXEC PID:555
Tempo:2825 Evento:QUANTUM_EX PID:555
Tempo:2825 Evento:EXEC PID:555
Tempo:3025 Evento:QUANTUM_EX PID:555
Tempo:3025 Evento:EXEC PID:555
Tempo:3225 Evento:QUANTUM_EX PID:555
Tempo:3225 Evento:EXEC PID:555
Tempo:3425 Evento:QUANTUM_EX PID:555
Tempo:3425 Evento:EXEC PID:555
Tempo:3625 Evento:QUANTUM_EX PID:555
Tempo:3625 Evento:EXEC PID:555
Tempo:3825 Evento:QUANTUM_EX PID:555
Tempo:3825 Evento:EXEC PID:555
Tempo:4025 Evento:QUANTUM_EX PID:555
Tempo:4025 Evento:EXEC PID:555
Tempo:4225 Evento:QUANTUM_EX PID:555
Tempo:4225 Evento:EXEC PID:555
Tempo:4425 Evento:QUANTUM_EX PID:555
Tempo:4425 Evento:EXEC PID:555
Tempo:4625 Evento:QUANTUM_EX PID:555
Tempo:4625 Evento:EXEC PID:555
Tempo:4825 Evento:QUANTUM_EX PID:555
Tempo:4825 Evento:EXEC PID:555
Tempo:5025 Evento:QUANTUM_EX PID:555
Tempo:5025 Evento:EXEC PID:555
Tempo:5225 Evento:QUANTUM_EX PID:555
Tempo:5225 Evento:EXEC PID:555
Tempo:5425 Evento:QUANTUM_EX PID:555
Tempo:5425 Evento:EXEC PID:555
Tempo:5625 Evento:QUANTUM_EX PID:555
Tempo:5625 Evento:EXEC PID:555
Tempo:5775 Evento:TERMINO PID:555
